INFO [2023-08-17 23:46:37] $x
INFO [2023-08-17 23:46:37] D
INFO [2023-08-17 23:46:37] 
INFO [2023-08-17 23:46:37] $category.names
INFO [2023-08-17 23:46:37] c("Morocco", "World")
INFO [2023-08-17 23:46:37] 
INFO [2023-08-17 23:46:37] $filename
INFO [2023-08-17 23:46:37] [1] "#14_venn_diagramm.png"
INFO [2023-08-17 23:46:37] 
INFO [2023-08-17 23:46:37] $output
INFO [2023-08-17 23:46:37] [1] TRUE
INFO [2023-08-17 23:46:37] 
INFO [2023-08-17 23:46:37] $imagetype
INFO [2023-08-17 23:46:37] [1] "png"
INFO [2023-08-17 23:46:37] 
INFO [2023-08-17 23:46:37] $height
INFO [2023-08-17 23:46:37] [1] 480
INFO [2023-08-17 23:46:37] 
INFO [2023-08-17 23:46:37] $width
INFO [2023-08-17 23:46:37] [1] 480
INFO [2023-08-17 23:46:37] 
INFO [2023-08-17 23:46:37] $resolution
INFO [2023-08-17 23:46:37] [1] 300
INFO [2023-08-17 23:46:37] 
INFO [2023-08-17 23:46:37] $compression
INFO [2023-08-17 23:46:37] [1] "lzw"
INFO [2023-08-17 23:46:37] 
INFO [2023-08-17 23:46:37] $lwd
INFO [2023-08-17 23:46:37] [1] 2
INFO [2023-08-17 23:46:37] 
INFO [2023-08-17 23:46:37] $lty
INFO [2023-08-17 23:46:37] [1] "blank"
INFO [2023-08-17 23:46:37] 
INFO [2023-08-17 23:46:37] $cex
INFO [2023-08-17 23:46:37] [1] 0.6
INFO [2023-08-17 23:46:37] 
INFO [2023-08-17 23:46:37] $fontface
INFO [2023-08-17 23:46:37] [1] "bold"
INFO [2023-08-17 23:46:37] 
INFO [2023-08-17 23:46:37] $fontfamily
INFO [2023-08-17 23:46:37] [1] "sans"
INFO [2023-08-17 23:46:37] 
INFO [2023-08-17 23:46:37] $cat.cex
INFO [2023-08-17 23:46:37] [1] 0.6
INFO [2023-08-17 23:46:37] 
INFO [2023-08-17 23:46:37] $cat.fontface
INFO [2023-08-17 23:46:37] [1] "bold"
INFO [2023-08-17 23:46:37] 
INFO [2023-08-17 23:46:37] $cat.default.pos
INFO [2023-08-17 23:46:37] [1] "outer"
INFO [2023-08-17 23:46:37] 
INFO [2023-08-17 23:46:37] $cat.pos
INFO [2023-08-17 23:46:37] c(-10, -10)
INFO [2023-08-17 23:46:37] 
INFO [2023-08-17 23:46:37] $cat.dist
INFO [2023-08-17 23:46:37] c(-0.055, -0.055)
INFO [2023-08-17 23:46:37] 
INFO [2023-08-17 23:46:37] [[20]]
INFO [2023-08-17 23:46:37] 
INFO [2023-08-17 23:46:37] 
