INFO [2023-08-17 23:47:57] $x
INFO [2023-08-17 23:47:57] D
INFO [2023-08-17 23:47:57] 
INFO [2023-08-17 23:47:57] $category.names
INFO [2023-08-17 23:47:57] c("Morocco", "World")
INFO [2023-08-17 23:47:57] 
INFO [2023-08-17 23:47:57] $filename
INFO [2023-08-17 23:47:57] [1] "#MUT_venn_diagramm.png"
INFO [2023-08-17 23:47:57] 
INFO [2023-08-17 23:47:57] $output
INFO [2023-08-17 23:47:57] [1] TRUE
INFO [2023-08-17 23:47:57] 
INFO [2023-08-17 23:47:57] $imagetype
INFO [2023-08-17 23:47:57] [1] "png"
INFO [2023-08-17 23:47:57] 
INFO [2023-08-17 23:47:57] $height
INFO [2023-08-17 23:47:57] [1] 480
INFO [2023-08-17 23:47:57] 
INFO [2023-08-17 23:47:57] $width
INFO [2023-08-17 23:47:57] [1] 480
INFO [2023-08-17 23:47:57] 
INFO [2023-08-17 23:47:57] $resolution
INFO [2023-08-17 23:47:57] [1] 300
INFO [2023-08-17 23:47:57] 
INFO [2023-08-17 23:47:57] $compression
INFO [2023-08-17 23:47:57] [1] "lzw"
INFO [2023-08-17 23:47:57] 
INFO [2023-08-17 23:47:57] $lwd
INFO [2023-08-17 23:47:57] [1] 2
INFO [2023-08-17 23:47:57] 
INFO [2023-08-17 23:47:57] $lty
INFO [2023-08-17 23:47:57] [1] "blank"
INFO [2023-08-17 23:47:57] 
INFO [2023-08-17 23:47:57] $fill
INFO [2023-08-17 23:47:57] c("#B3E2CD", "#FDCDAC")
INFO [2023-08-17 23:47:57] 
INFO [2023-08-17 23:47:57] $cex
INFO [2023-08-17 23:47:57] [1] 0.6
INFO [2023-08-17 23:47:57] 
INFO [2023-08-17 23:47:57] $fontface
INFO [2023-08-17 23:47:57] [1] "bold"
INFO [2023-08-17 23:47:57] 
INFO [2023-08-17 23:47:57] $fontfamily
INFO [2023-08-17 23:47:57] [1] "sans"
INFO [2023-08-17 23:47:57] 
INFO [2023-08-17 23:47:57] $cat.cex
INFO [2023-08-17 23:47:57] [1] 0.6
INFO [2023-08-17 23:47:57] 
INFO [2023-08-17 23:47:57] $cat.fontface
INFO [2023-08-17 23:47:57] [1] "bold"
INFO [2023-08-17 23:47:57] 
INFO [2023-08-17 23:47:57] $cat.default.pos
INFO [2023-08-17 23:47:57] [1] "outer"
INFO [2023-08-17 23:47:57] 
INFO [2023-08-17 23:47:57] $cat.pos
INFO [2023-08-17 23:47:57] c(-10, -10)
INFO [2023-08-17 23:47:57] 
INFO [2023-08-17 23:47:57] $cat.dist
INFO [2023-08-17 23:47:57] c(-0.055, -0.055)
INFO [2023-08-17 23:47:57] 
INFO [2023-08-17 23:47:57] [[21]]
INFO [2023-08-17 23:47:57] 
INFO [2023-08-17 23:47:57] 
