INFO [2023-08-17 23:47:43] $x
INFO [2023-08-17 23:47:43] D
INFO [2023-08-17 23:47:43] 
INFO [2023-08-17 23:47:43] $category.names
INFO [2023-08-17 23:47:43] c("Morocco", "World")
INFO [2023-08-17 23:47:43] 
INFO [2023-08-17 23:47:43] $filename
INFO [2023-08-17 23:47:43] [1] "#MUT_venn_diagramm.png"
INFO [2023-08-17 23:47:43] 
INFO [2023-08-17 23:47:43] $output
INFO [2023-08-17 23:47:43] [1] TRUE
INFO [2023-08-17 23:47:43] 
INFO [2023-08-17 23:47:43] $imagetype
INFO [2023-08-17 23:47:43] [1] "png"
INFO [2023-08-17 23:47:43] 
INFO [2023-08-17 23:47:43] $height
INFO [2023-08-17 23:47:43] [1] 480
INFO [2023-08-17 23:47:43] 
INFO [2023-08-17 23:47:43] $width
INFO [2023-08-17 23:47:43] [1] 480
INFO [2023-08-17 23:47:43] 
INFO [2023-08-17 23:47:43] $resolution
INFO [2023-08-17 23:47:43] [1] 300
INFO [2023-08-17 23:47:43] 
INFO [2023-08-17 23:47:43] $compression
INFO [2023-08-17 23:47:43] [1] "lzw"
INFO [2023-08-17 23:47:43] 
INFO [2023-08-17 23:47:43] $lwd
INFO [2023-08-17 23:47:43] [1] 2
INFO [2023-08-17 23:47:43] 
INFO [2023-08-17 23:47:43] $lty
INFO [2023-08-17 23:47:43] [1] "blank"
INFO [2023-08-17 23:47:43] 
INFO [2023-08-17 23:47:43] $fill
INFO [2023-08-17 23:47:43] c("#B3E2CD", "#FDCDAC")
INFO [2023-08-17 23:47:43] 
INFO [2023-08-17 23:47:43] $cex
INFO [2023-08-17 23:47:43] [1] 0.6
INFO [2023-08-17 23:47:43] 
INFO [2023-08-17 23:47:43] $fontface
INFO [2023-08-17 23:47:43] [1] "bold"
INFO [2023-08-17 23:47:43] 
INFO [2023-08-17 23:47:43] $fontfamily
INFO [2023-08-17 23:47:43] [1] "sans"
INFO [2023-08-17 23:47:43] 
INFO [2023-08-17 23:47:43] $cat.cex
INFO [2023-08-17 23:47:43] [1] 0.6
INFO [2023-08-17 23:47:43] 
INFO [2023-08-17 23:47:43] $cat.fontface
INFO [2023-08-17 23:47:43] [1] "bold"
INFO [2023-08-17 23:47:43] 
INFO [2023-08-17 23:47:43] $cat.default.pos
INFO [2023-08-17 23:47:43] [1] "outer"
INFO [2023-08-17 23:47:43] 
INFO [2023-08-17 23:47:43] $cat.pos
INFO [2023-08-17 23:47:43] c(-10, -10)
INFO [2023-08-17 23:47:43] 
INFO [2023-08-17 23:47:43] $cat.dist
INFO [2023-08-17 23:47:43] c(-0.055, -0.055)
INFO [2023-08-17 23:47:43] 
INFO [2023-08-17 23:47:43] [[21]]
INFO [2023-08-17 23:47:43] 
INFO [2023-08-17 23:47:43] 
