INFO [2023-08-17 23:47:01] $x
INFO [2023-08-17 23:47:01] D
INFO [2023-08-17 23:47:01] 
INFO [2023-08-17 23:47:01] $category.names
INFO [2023-08-17 23:47:01] c("Morocco", "World")
INFO [2023-08-17 23:47:01] 
INFO [2023-08-17 23:47:01] $filename
INFO [2023-08-17 23:47:01] [1] "_venn_diagramm.svg"
INFO [2023-08-17 23:47:01] 
INFO [2023-08-17 23:47:01] $output
INFO [2023-08-17 23:47:01] [1] TRUE
INFO [2023-08-17 23:47:01] 
INFO [2023-08-17 23:47:01] $imagetype
INFO [2023-08-17 23:47:01] [1] "png"
INFO [2023-08-17 23:47:01] 
INFO [2023-08-17 23:47:01] $height
INFO [2023-08-17 23:47:01] [1] 480
INFO [2023-08-17 23:47:01] 
INFO [2023-08-17 23:47:01] $width
INFO [2023-08-17 23:47:01] [1] 480
INFO [2023-08-17 23:47:01] 
INFO [2023-08-17 23:47:01] $resolution
INFO [2023-08-17 23:47:01] [1] 300
INFO [2023-08-17 23:47:01] 
INFO [2023-08-17 23:47:01] $compression
INFO [2023-08-17 23:47:01] [1] "lzw"
INFO [2023-08-17 23:47:01] 
INFO [2023-08-17 23:47:01] $lwd
INFO [2023-08-17 23:47:01] [1] 2
INFO [2023-08-17 23:47:01] 
INFO [2023-08-17 23:47:01] $lty
INFO [2023-08-17 23:47:01] [1] "blank"
INFO [2023-08-17 23:47:01] 
INFO [2023-08-17 23:47:01] $fill
INFO [2023-08-17 23:47:01] c("#B3E2CD", "#FDCDAC")
INFO [2023-08-17 23:47:01] 
INFO [2023-08-17 23:47:01] $cex
INFO [2023-08-17 23:47:01] [1] 0.6
INFO [2023-08-17 23:47:01] 
INFO [2023-08-17 23:47:01] $fontface
INFO [2023-08-17 23:47:01] [1] "bold"
INFO [2023-08-17 23:47:01] 
INFO [2023-08-17 23:47:01] $fontfamily
INFO [2023-08-17 23:47:01] [1] "sans"
INFO [2023-08-17 23:47:01] 
INFO [2023-08-17 23:47:01] $cat.cex
INFO [2023-08-17 23:47:01] [1] 0.6
INFO [2023-08-17 23:47:01] 
INFO [2023-08-17 23:47:01] $cat.fontface
INFO [2023-08-17 23:47:01] [1] "bold"
INFO [2023-08-17 23:47:01] 
INFO [2023-08-17 23:47:01] $cat.default.pos
INFO [2023-08-17 23:47:01] [1] "outer"
INFO [2023-08-17 23:47:01] 
INFO [2023-08-17 23:47:01] $cat.pos
INFO [2023-08-17 23:47:01] c(-10, -10)
INFO [2023-08-17 23:47:01] 
INFO [2023-08-17 23:47:01] $cat.dist
INFO [2023-08-17 23:47:01] c(-0.055, -0.055)
INFO [2023-08-17 23:47:01] 
INFO [2023-08-17 23:47:01] [[21]]
INFO [2023-08-17 23:47:01] 
INFO [2023-08-17 23:47:01] 
