INFO [2023-08-17 23:47:30] $x
INFO [2023-08-17 23:47:30] D
INFO [2023-08-17 23:47:30] 
INFO [2023-08-17 23:47:30] $category.names
INFO [2023-08-17 23:47:30] c("Morocco", "World")
INFO [2023-08-17 23:47:30] 
INFO [2023-08-17 23:47:30] $filename
INFO [2023-08-17 23:47:30] [1] "_venn_diagramm.png"
INFO [2023-08-17 23:47:30] 
INFO [2023-08-17 23:47:30] $output
INFO [2023-08-17 23:47:30] [1] TRUE
INFO [2023-08-17 23:47:30] 
INFO [2023-08-17 23:47:30] $imagetype
INFO [2023-08-17 23:47:30] [1] "png"
INFO [2023-08-17 23:47:30] 
INFO [2023-08-17 23:47:30] $height
INFO [2023-08-17 23:47:30] [1] 480
INFO [2023-08-17 23:47:30] 
INFO [2023-08-17 23:47:30] $width
INFO [2023-08-17 23:47:30] [1] 480
INFO [2023-08-17 23:47:30] 
INFO [2023-08-17 23:47:30] $resolution
INFO [2023-08-17 23:47:30] [1] 300
INFO [2023-08-17 23:47:30] 
INFO [2023-08-17 23:47:30] $compression
INFO [2023-08-17 23:47:30] [1] "lzw"
INFO [2023-08-17 23:47:30] 
INFO [2023-08-17 23:47:30] $lwd
INFO [2023-08-17 23:47:30] [1] 2
INFO [2023-08-17 23:47:30] 
INFO [2023-08-17 23:47:30] $lty
INFO [2023-08-17 23:47:30] [1] "blank"
INFO [2023-08-17 23:47:30] 
INFO [2023-08-17 23:47:30] $fill
INFO [2023-08-17 23:47:30] c("#B3E2CD", "#FDCDAC")
INFO [2023-08-17 23:47:30] 
INFO [2023-08-17 23:47:30] $cex
INFO [2023-08-17 23:47:30] [1] 0.6
INFO [2023-08-17 23:47:30] 
INFO [2023-08-17 23:47:30] $fontface
INFO [2023-08-17 23:47:30] [1] "bold"
INFO [2023-08-17 23:47:30] 
INFO [2023-08-17 23:47:30] $fontfamily
INFO [2023-08-17 23:47:30] [1] "sans"
INFO [2023-08-17 23:47:30] 
INFO [2023-08-17 23:47:30] $cat.cex
INFO [2023-08-17 23:47:30] [1] 0.6
INFO [2023-08-17 23:47:30] 
INFO [2023-08-17 23:47:30] $cat.fontface
INFO [2023-08-17 23:47:30] [1] "bold"
INFO [2023-08-17 23:47:30] 
INFO [2023-08-17 23:47:30] $cat.default.pos
INFO [2023-08-17 23:47:30] [1] "outer"
INFO [2023-08-17 23:47:30] 
INFO [2023-08-17 23:47:30] $cat.pos
INFO [2023-08-17 23:47:30] c(-10, -10)
INFO [2023-08-17 23:47:30] 
INFO [2023-08-17 23:47:30] $cat.dist
INFO [2023-08-17 23:47:30] c(-0.055, -0.055)
INFO [2023-08-17 23:47:30] 
INFO [2023-08-17 23:47:30] [[21]]
INFO [2023-08-17 23:47:30] 
INFO [2023-08-17 23:47:30] 
