INFO [2023-08-17 23:47:21] $x
INFO [2023-08-17 23:47:21] D
INFO [2023-08-17 23:47:21] 
INFO [2023-08-17 23:47:21] $category.names
INFO [2023-08-17 23:47:21] c("Morocco", "World")
INFO [2023-08-17 23:47:21] 
INFO [2023-08-17 23:47:21] $filename
INFO [2023-08-17 23:47:21] [1] "_venn_diagramm.eps"
INFO [2023-08-17 23:47:21] 
INFO [2023-08-17 23:47:21] $output
INFO [2023-08-17 23:47:21] [1] TRUE
INFO [2023-08-17 23:47:21] 
INFO [2023-08-17 23:47:21] $imagetype
INFO [2023-08-17 23:47:21] [1] "png"
INFO [2023-08-17 23:47:21] 
INFO [2023-08-17 23:47:21] $height
INFO [2023-08-17 23:47:21] [1] 480
INFO [2023-08-17 23:47:21] 
INFO [2023-08-17 23:47:21] $width
INFO [2023-08-17 23:47:21] [1] 480
INFO [2023-08-17 23:47:21] 
INFO [2023-08-17 23:47:21] $resolution
INFO [2023-08-17 23:47:21] [1] 300
INFO [2023-08-17 23:47:21] 
INFO [2023-08-17 23:47:21] $compression
INFO [2023-08-17 23:47:21] [1] "lzw"
INFO [2023-08-17 23:47:21] 
INFO [2023-08-17 23:47:21] $lwd
INFO [2023-08-17 23:47:21] [1] 2
INFO [2023-08-17 23:47:21] 
INFO [2023-08-17 23:47:21] $lty
INFO [2023-08-17 23:47:21] [1] "blank"
INFO [2023-08-17 23:47:21] 
INFO [2023-08-17 23:47:21] $fill
INFO [2023-08-17 23:47:21] c("#B3E2CD", "#FDCDAC")
INFO [2023-08-17 23:47:21] 
INFO [2023-08-17 23:47:21] $cex
INFO [2023-08-17 23:47:21] [1] 0.6
INFO [2023-08-17 23:47:21] 
INFO [2023-08-17 23:47:21] $fontface
INFO [2023-08-17 23:47:21] [1] "bold"
INFO [2023-08-17 23:47:21] 
INFO [2023-08-17 23:47:21] $fontfamily
INFO [2023-08-17 23:47:21] [1] "sans"
INFO [2023-08-17 23:47:21] 
INFO [2023-08-17 23:47:21] $cat.cex
INFO [2023-08-17 23:47:21] [1] 0.6
INFO [2023-08-17 23:47:21] 
INFO [2023-08-17 23:47:21] $cat.fontface
INFO [2023-08-17 23:47:21] [1] "bold"
INFO [2023-08-17 23:47:21] 
INFO [2023-08-17 23:47:21] $cat.default.pos
INFO [2023-08-17 23:47:21] [1] "outer"
INFO [2023-08-17 23:47:21] 
INFO [2023-08-17 23:47:21] $cat.pos
INFO [2023-08-17 23:47:21] c(-10, -10)
INFO [2023-08-17 23:47:21] 
INFO [2023-08-17 23:47:21] $cat.dist
INFO [2023-08-17 23:47:21] c(-0.055, -0.055)
INFO [2023-08-17 23:47:21] 
INFO [2023-08-17 23:47:21] [[21]]
INFO [2023-08-17 23:47:21] 
INFO [2023-08-17 23:47:21] 
